{"C:\\Users\\shahz\\Downloads\\restAPI\\github\\project\\config\\db.config": {"path":"C:\\Users\\shahz\\Downloads\\restAPI\\github\\project\\config\\db.config","statementMap":{"0":{"start":{"line":1,"column":0},"end":{"line":13,"column":2}}},"fnMap":{},"branchMap":{},"s":{"0":1},"f":{},"b":{},"inputSourceMap":null,"_coverageSchema":"1a1c01bbd47fc00a2c39e90264f33305004495a9","hash":"e29d82ed1030e6d63ef094d52ea465de97414a03"}
,"C:\\Users\\shahz\\Downloads\\restAPI\\github\\project\\models\\Book_Author.model.js": {"path":"C:\\Users\\shahz\\Downloads\\restAPI\\github\\project\\models\\Book_Author.model.js","statementMap":{"0":{"start":{"line":1,"column":0},"end":{"line":13,"column":2}},"1":{"start":{"line":2,"column":22},"end":{"line":10,"column":6}},"2":{"start":{"line":12,"column":2},"end":{"line":12,"column":21}}},"fnMap":{"0":{"name":"(anonymous_0)","decl":{"start":{"line":1,"column":17},"end":{"line":1,"column":18}},"loc":{"start":{"line":1,"column":43},"end":{"line":13,"column":1}},"line":1}},"branchMap":{},"s":{"0":1,"1":2,"2":2},"f":{"0":2},"b":{},"_coverageSchema":"1a1c01bbd47fc00a2c39e90264f33305004495a9","hash":"06088ad71ec0e151789c3d760efed5cdcd74cd62"}
,"C:\\Users\\shahz\\Downloads\\restAPI\\github\\project\\models\\index.js": {"path":"C:\\Users\\shahz\\Downloads\\restAPI\\github\\project\\models\\index.js","statementMap":{"0":{"start":{"line":1,"column":17},"end":{"line":1,"column":47}},"1":{"start":{"line":3,"column":18},"end":{"line":3,"column":38}},"2":{"start":{"line":4,"column":18},"end":{"line":15,"column":2}},"3":{"start":{"line":17,"column":11},"end":{"line":17,"column":13}},"4":{"start":{"line":19,"column":0},"end":{"line":19,"column":25}},"5":{"start":{"line":20,"column":0},"end":{"line":20,"column":25}},"6":{"start":{"line":22,"column":0},"end":{"line":22,"column":73}},"7":{"start":{"line":24,"column":0},"end":{"line":24,"column":20}}},"fnMap":{},"branchMap":{},"s":{"0":1,"1":1,"2":1,"3":1,"4":1,"5":1,"6":1,"7":1},"f":{},"b":{},"_coverageSchema":"1a1c01bbd47fc00a2c39e90264f33305004495a9","hash":"e77746661b8ea8ef20a6da8fd0025467a96e7eac"}
}
